<?xml version="1.0" encoding="UTF-8"?>
<testsuite xmlns:xsi="http://www.w3.org/2001/XMLSchema-instance" xsi:noNamespaceSchemaLocation="https://maven.apache.org/surefire/maven-surefire-plugin/xsd/surefire-test-report.xsd" name="com.d2back.unit.service.ExampleEntityServiceTest" time="0.806" tests="1" errors="1" skipped="0" failures="0">
  <properties>
[...]
</properties>
  <testcase name="get with existing id" classname="com.d2back.unit.service.ExampleEntityServiceTest" time="0.014">
    <error message="No matching constructors found:&#10;constructor(normalItemsDAO : com.d2back.repository.dao.NormalItemsDAO = &lt;not able to lookup&gt;)" type="io.mockk.MockKException"><![CDATA[io.mockk.MockKException: 
No matching constructors found:
constructor(normalItemsDAO : com.d2back.repository.dao.NormalItemsDAO = <not able to lookup>)
]]></error>
  </testcase>
</testsuite>